[19/07/2026 10:50:24] [DEBUG] Evento emitido: before_start
[19/07/2026 10:50:24] [DEBUG] Comando registrado: status
[19/07/2026 10:50:24] [DEBUG] Comando registrado: reload
[19/07/2026 10:50:24] [DEBUG] Comando registrado: restart
[19/07/2026 10:50:24] [DEBUG] Comando registrado: plugins
[19/07/2026 10:50:24] [DEBUG] Comando registrado: logs
[19/07/2026 10:50:24] [DEBUG] Comando registrado: profile
[19/07/2026 10:50:24] [DEBUG] Comando registrado: help
[19/07/2026 10:50:24] [DEBUG] Comando registrado: stop
[19/07/2026 10:50:24] [DEBUG] Comando registrado: exit
[19/07/2026 10:50:24] [DEBUG] Listener registrado: file_changed
[19/07/2026 10:50:24] [SUCCESS] Plugin carregado: logger_plugin
[19/07/2026 10:50:24] [DEBUG] Listener registrado: after_reload
[19/07/2026 10:50:24] [DEBUG] Listener registrado: shutdown
[19/07/2026 10:50:24] [SUCCESS] Plugin carregado: teste
[19/07/2026 10:50:24] [DEBUG] Listener registrado: file_changed
[19/07/2026 10:50:24] [SUCCESS] Recarga automática pronta (reinício ao salvar arquivos).
[19/07/2026 10:50:24] [INFO] Iniciando main.py
[19/07/2026 10:50:24] [SUCCESS] Aplicação iniciada | PID: 24616
[19/07/2026 10:50:24] [SUCCESS] Watcher iniciado.
[19/07/2026 10:50:24] [SUCCESS] Console iniciado. Digite 'help' para ver os comandos.
[19/07/2026 10:50:24] [SUCCESS] Inicialização do DevTools: 0.031s
[19/07/2026 10:50:24] [DEBUG] Evento emitido: app_started
[19/07/2026 10:50:24] [SUCCESS] Ambiente iniciado.
[19/07/2026 10:50:39] [DEBUG] Evento emitido: file_changed
[19/07/2026 10:50:39] [ERROR] Erro no listener 'file_changed': log_reload() takes 1 positional argument but 2 were given
[19/07/2026 10:50:39] [DEBUG] Evento emitido: before_reload
[19/07/2026 10:50:39] [INFO] Recarga agendada: modified: main.kv
[19/07/2026 10:50:40] [INFO] Reiniciando aplicação (modified: main.kv).
[19/07/2026 10:50:40] [INFO] Encerrando aplicação...
[19/07/2026 10:50:40] [INFO] Iniciando main.py
[19/07/2026 10:50:40] [SUCCESS] Aplicação iniciada | PID: 25444
[19/07/2026 10:50:40] [DEBUG] Evento emitido: after_reload
[19/07/2026 10:51:03] [WARNING] A aplicação foi encerrada.
[19/07/2026 10:51:03] [INFO] Encerrando ambiente...
[19/07/2026 10:51:03] [SUCCESS] Watcher encerrado.
[19/07/2026 10:51:03] [DEBUG] Evento emitido: shutdown
[19/07/2026 10:51:03] [INFO] Plugin descarregado: logger_plugin
[19/07/2026 10:51:03] [INFO] Plugin descarregado: teste
[19/07/2026 10:51:03] [SUCCESS] Ambiente encerrado.
